<?xml version="1.0" encoding="UTF-8"?>
<!-- Generated by org.testng.reporters.JUnitReportReporter -->
<testsuite skipped="0" hostname="KARTHIK-NAYAKA" name="package1.Test_scenario3" tests="1" failures="0" timestamp="2020-08-11T22:13:10 IST" time="20.504" errors="0">
  <testcase name="ClickNextButton" time="20.504" classname="package1.Test_scenario3"/>
  <system-out/>
</testsuite> <!-- package1.Test_scenario3 -->
